<?xml version="1.0" encoding="UTF-8"?>
<!-- Generated by org.testng.reporters.JUnitReportReporter -->
<testsuite hostname="DESKTOP-VUHI299" failures="0" tests="1" name="actionclassexample.HomeDepotExample" time="9.927" errors="0" timestamp="2022-07-21T13:27:03 EDT" skipped="0">
  <testcase classname="actionclassexample.HomeDepotExample" name="test_application" time="9.927"/>
  <system-out/>
</testsuite> <!-- actionclassexample.HomeDepotExample -->
