<?xml version="1.0" encoding="UTF-8"?>
<!-- Generated by org.testng.reporters.JUnitReportReporter -->
<testsuite hostname="DESKTOP-VUHI299" failures="0" tests="4" name="demoqawebsite.PraticeForm" time="6.197" errors="0" timestamp="2022-07-27T21:38:26 EDT" skipped="0">
  <testcase classname="demoqawebsite.PraticeForm" name="test_form" time="0.375"/>
  <system-out/>
  <testcase classname="demoqawebsite.PraticeForm" name="test_calender" time="4.690"/>
  <system-out/>
  <testcase classname="demoqawebsite.PraticeForm" name="test_radio" time="1.065"/>
  <system-out/>
  <testcase classname="demoqawebsite.PraticeForm" name="test_mobilenumber" time="0.067"/>
  <system-out/>
</testsuite> <!-- demoqawebsite.PraticeForm -->
