<?xml version="1.0" encoding="UTF-8"?>
<!-- Generated by org.testng.reporters.JUnitReportReporter -->
<testsuite hostname="DESKTOP-VUHI299" failures="0" tests="1" name="windowhandling.HandlingWindows" time="3.844" errors="0" timestamp="2022-07-26T10:35:46 EDT" skipped="0">
  <testcase classname="windowhandling.HandlingWindows" name="test" time="3.844"/>
  <system-out/>
</testsuite> <!-- windowhandling.HandlingWindows -->
