<?xml version="1.0" encoding="UTF-8"?>
<!-- Generated by org.testng.reporters.JUnitReportReporter -->
<testsuite hostname="DESKTOP-VUHI299" failures="0" tests="1" name="calenderexample.TestingCalender" time="20.959" errors="0" timestamp="2022-07-19T09:48:38 EDT" skipped="0">
  <testcase classname="calenderexample.TestingCalender" name="testing_calender" time="20.959"/>
  <system-out/>
</testsuite> <!-- calenderexample.TestingCalender -->
