<?xml version="1.0" encoding="UTF-8"?>
<!-- Generated by org.testng.reporters.JUnitReportReporter -->
<testsuite hostname="DESKTOP-VUHI299" failures="0" tests="1" name="actionclassexample.DragAndDropByExample" time="7.566" errors="0" timestamp="2022-07-22T12:58:00 EDT" skipped="0">
  <testcase classname="actionclassexample.DragAndDropByExample" name="test" time="7.566"/>
  <system-out/>
</testsuite> <!-- actionclassexample.DragAndDropByExample -->
