<?xml version="1.0" encoding="UTF-8"?>
<!-- Generated by org.testng.reporters.JUnitReportReporter -->
<testsuite hostname="DESKTOP-VUHI299" failures="0" tests="1" name="calenderexample.CalenderDemo" time="9.104" errors="0" timestamp="2022-07-26T15:48:49 EDT" skipped="0">
  <testcase classname="calenderexample.CalenderDemo" name="test_form" time="9.104"/>
  <system-out/>
</testsuite> <!-- calenderexample.CalenderDemo -->
