<?xml version="1.0" encoding="UTF-8"?>
<!-- Generated by org.testng.reporters.JUnitReportReporter -->
<testsuite hostname="DESKTOP-VUHI299" failures="0" tests="1" name="TestingPage" time="15.264" errors="0" timestamp="2022-07-16T23:21:36 EDT" skipped="0">
  <testcase classname="TestingPage" name="open_application" time="15.264"/>
  <system-out/>
</testsuite> <!-- TestingPage -->
