<?xml version="1.0" encoding="UTF-8"?>
<!-- Generated by org.testng.reporters.JUnitReportReporter -->
<testsuite hostname="DESKTOP-VUHI299" failures="0" tests="2" name="testngconcepts.TestngMethods" time="0.009" errors="0" timestamp="2022-07-25T13:55:54 EDT" skipped="0">
  <testcase classname="testngconcepts.TestngMethods" name="test1" time="0.009"/>
  <system-out/>
  <testcase classname="testngconcepts.TestngMethods" name="test2" time="0.000"/>
  <system-out/>
</testsuite> <!-- testngconcepts.TestngMethods -->
