<?xml version="1.0" encoding="UTF-8"?>
<!-- Generated by org.testng.reporters.JUnitReportReporter -->
<testsuite hostname="DESKTOP-VUHI299" failures="0" tests="1" name="dropdown.dropdownExample" time="9.483" errors="0" timestamp="2022-07-21T11:12:06 EDT" skipped="0">
  <testcase classname="dropdown.dropdownExample" name="drop_down" time="9.483"/>
  <system-out/>
</testsuite> <!-- dropdown.dropdownExample -->
