<?xml version="1.0" encoding="UTF-8"?>
<!-- Generated by org.testng.reporters.JUnitReportReporter -->
<testsuite hostname="DESKTOP-VUHI299" failures="0" tests="1" name="webtable.WebTableDemo" time="5.166" errors="0" timestamp="2022-07-24T11:47:58 EDT" skipped="0">
  <testcase classname="webtable.WebTableDemo" name="test_table" time="5.166"/>
  <system-out/>
</testsuite> <!-- webtable.WebTableDemo -->
